<?xml version="1.0" encoding="UTF-8"?>
<testsuite xmlns:xsi="http://www.w3.org/2001/XMLSchema-instance" xsi:schemaLocation="https://maven.apache.org/surefire/maven-surefire-plugin/xsd/surefire-test-report.xsd" name="evaluatorExamenWeb.features.search.SearchStory" time="19.907" tests="4" errors="0" skipped="0" failures="0">
  <properties>
[...]
</properties>
  <testcase name="searching_by_keyword_examen_should_display_the_corresponding_article" classname="evaluatorExamenWeb.features.search.SearchStory" time="10.313"/>
  <testcase name="logoClick_goes_to_homepage" classname="evaluatorExamenWeb.features.search.SearchStory" time="2.358"/>
  <testcase name="after_search_not_on_homepage" classname="evaluatorExamenWeb.features.search.SearchStory" time="2.352"/>
  <testcase name="searching_by_keyword_sesiune_should_not_display_exam_article" classname="evaluatorExamenWeb.features.search.SearchStory" time="3.614"/>
</testsuite>