<?xml version="1.0" encoding="UTF-8"?><testsuite errors="0" failures="0" name="evaluatorExamenWeb.features.search.SearchByKeywordStory" skipped="1" tests="3" time="10.24" timestamp="2018-05-08T23:59:40.370+03:00[Europe/Athens]"><testcase classname="evaluatorExamenWeb.features.search.SearchByKeywordStory" name="Searching by keyword banana should display the corresponding article"/><testcase classname="evaluatorExamenWeb.features.search.SearchByKeywordStory" name="Searching by ambiguious keyword should display the disambiguation page"><skipped/></testcase><testcase classname="evaluatorExamenWeb.features.search.SearchByKeywordStory" name="Searching by keyword apple should display the corresponding article"/></testsuite>